{"C:\\Users\\Akshay John\\OneDrive\\Desktop\\alarm-app\\backend\\src\\app.js": {"path":"C:\\Users\\Akshay John\\OneDrive\\Desktop\\alarm-app\\backend\\src\\app.js","statementMap":{"0":{"start":{"line":1,"column":16},"end":{"line":1,"column":34}},"1":{"start":{"line":2,"column":19},"end":{"line":2,"column":41}},"2":{"start":{"line":3,"column":13},"end":{"line":3,"column":28}},"3":{"start":{"line":4,"column":23},"end":{"line":4,"column":38}},"4":{"start":{"line":6,"column":12},"end":{"line":6,"column":21}},"5":{"start":{"line":7,"column":0},"end":{"line":7,"column":16}},"6":{"start":{"line":8,"column":0},"end":{"line":8,"column":27}},"7":{"start":{"line":10,"column":15},"end":{"line":10,"column":24}},"8":{"start":{"line":13,"column":0},"end":{"line":33,"column":3}},"9":{"start":{"line":14,"column":29},"end":{"line":14,"column":37}},"10":{"start":{"line":16,"column":2},"end":{"line":18,"column":3}},"11":{"start":{"line":17,"column":4},"end":{"line":17,"column":73}},"12":{"start":{"line":20,"column":13},"end":{"line":20,"column":21}},"13":{"start":{"line":21,"column":16},"end":{"line":29,"column":3}},"14":{"start":{"line":31,"column":2},"end":{"line":31,"column":24}},"15":{"start":{"line":32,"column":2},"end":{"line":32,"column":30}},"16":{"start":{"line":36,"column":0},"end":{"line":38,"column":3}},"17":{"start":{"line":37,"column":2},"end":{"line":37,"column":40}},"18":{"start":{"line":41,"column":0},"end":{"line":49,"column":3}},"19":{"start":{"line":42,"column":16},"end":{"line":42,"column":41}},"20":{"start":{"line":44,"column":2},"end":{"line":46,"column":3}},"21":{"start":{"line":45,"column":4},"end":{"line":45,"column":56}},"22":{"start":{"line":48,"column":2},"end":{"line":48,"column":18}},"23":{"start":{"line":52,"column":0},"end":{"line":63,"column":3}},"24":{"start":{"line":53,"column":13},"end":{"line":53,"column":26}},"25":{"start":{"line":55,"column":2},"end":{"line":57,"column":3}},"26":{"start":{"line":56,"column":4},"end":{"line":56,"column":56}},"27":{"start":{"line":59,"column":18},"end":{"line":59,"column":52}},"28":{"start":{"line":60,"column":2},"end":{"line":60,"column":26}},"29":{"start":{"line":62,"column":2},"end":{"line":62,"column":20}},"30":{"start":{"line":66,"column":0},"end":{"line":75,"column":3}},"31":{"start":{"line":67,"column":13},"end":{"line":67,"column":26}},"32":{"start":{"line":69,"column":2},"end":{"line":71,"column":3}},"33":{"start":{"line":70,"column":4},"end":{"line":70,"column":56}},"34":{"start":{"line":73,"column":2},"end":{"line":73,"column":20}},"35":{"start":{"line":74,"column":2},"end":{"line":74,"column":25}},"36":{"start":{"line":77,"column":0},"end":{"line":77,"column":33}}},"fnMap":{"0":{"name":"(anonymous_0)","decl":{"start":{"line":13,"column":20},"end":{"line":13,"column":21}},"loc":{"start":{"line":13,"column":34},"end":{"line":33,"column":1}},"line":13},"1":{"name":"(anonymous_1)","decl":{"start":{"line":36,"column":19},"end":{"line":36,"column":20}},"loc":{"start":{"line":36,"column":33},"end":{"line":38,"column":1}},"line":36},"2":{"name":"(anonymous_2)","decl":{"start":{"line":41,"column":23},"end":{"line":41,"column":24}},"loc":{"start":{"line":41,"column":37},"end":{"line":49,"column":1}},"line":41},"3":{"name":"(anonymous_3)","decl":{"start":{"line":52,"column":23},"end":{"line":52,"column":24}},"loc":{"start":{"line":52,"column":37},"end":{"line":63,"column":1}},"line":52},"4":{"name":"(anonymous_4)","decl":{"start":{"line":66,"column":26},"end":{"line":66,"column":27}},"loc":{"start":{"line":66,"column":40},"end":{"line":75,"column":1}},"line":66}},"branchMap":{"0":{"loc":{"start":{"line":16,"column":2},"end":{"line":18,"column":3}},"type":"if","locations":[{"start":{"line":16,"column":2},"end":{"line":18,"column":3}},{"start":{},"end":{}}],"line":16},"1":{"loc":{"start":{"line":16,"column":6},"end":{"line":16,"column":24}},"type":"binary-expr","locations":[{"start":{"line":16,"column":6},"end":{"line":16,"column":12}},{"start":{"line":16,"column":16},"end":{"line":16,"column":24}}],"line":16},"2":{"loc":{"start":{"line":25,"column":14},"end":{"line":25,"column":39}},"type":"binary-expr","locations":[{"start":{"line":25,"column":14},"end":{"line":25,"column":31}},{"start":{"line":25,"column":35},"end":{"line":25,"column":39}}],"line":25},"3":{"loc":{"start":{"line":26,"column":16},"end":{"line":26,"column":45}},"type":"binary-expr","locations":[{"start":{"line":26,"column":16},"end":{"line":26,"column":35}},{"start":{"line":26,"column":39},"end":{"line":26,"column":45}}],"line":26},"4":{"loc":{"start":{"line":27,"column":13},"end":{"line":27,"column":69}},"type":"cond-expr","locations":[{"start":{"line":27,"column":46},"end":{"line":27,"column":62}},{"start":{"line":27,"column":65},"end":{"line":27,"column":69}}],"line":27},"5":{"loc":{"start":{"line":44,"column":2},"end":{"line":46,"column":3}},"type":"if","locations":[{"start":{"line":44,"column":2},"end":{"line":46,"column":3}},{"start":{},"end":{}}],"line":44},"6":{"loc":{"start":{"line":55,"column":2},"end":{"line":57,"column":3}},"type":"if","locations":[{"start":{"line":55,"column":2},"end":{"line":57,"column":3}},{"start":{},"end":{}}],"line":55},"7":{"loc":{"start":{"line":69,"column":2},"end":{"line":71,"column":3}},"type":"if","locations":[{"start":{"line":69,"column":2},"end":{"line":71,"column":3}},{"start":{},"end":{}}],"line":69}},"s":{"0":1,"1":1,"2":1,"3":1,"4":1,"5":1,"6":1,"7":1,"8":1,"9":4,"10":4,"11":0,"12":4,"13":4,"14":4,"15":4,"16":1,"17":2,"18":1,"19":0,"20":0,"21":0,"22":0,"23":1,"24":1,"25":1,"26":0,"27":1,"28":1,"29":1,"30":1,"31":1,"32":1,"33":0,"34":1,"35":1,"36":1},"f":{"0":4,"1":2,"2":0,"3":1,"4":1},"b":{"0":[0,4],"1":[4,4],"2":[4,4],"3":[4,4],"4":[0,4],"5":[0,0],"6":[0,1],"7":[0,1]},"_coverageSchema":"1a1c01bbd47fc00a2c39e90264f33305004495a9","hash":"a9be08b3e439be2558af4c5cd346a24e5ffc555d"}
}
