TN:
SF:src\app.js
FN:13,(anonymous_0)
FN:36,(anonymous_1)
FN:41,(anonymous_2)
FN:52,(anonymous_3)
FN:66,(anonymous_4)
FNF:5
FNH:4
FNDA:4,(anonymous_0)
FNDA:2,(anonymous_1)
FNDA:0,(anonymous_2)
FNDA:1,(anonymous_3)
FNDA:1,(anonymous_4)
DA:1,1
DA:2,1
DA:3,1
DA:4,1
DA:6,1
DA:7,1
DA:8,1
DA:10,1
DA:13,1
DA:14,4
DA:16,4
DA:17,0
DA:20,4
DA:21,4
DA:31,4
DA:32,4
DA:36,1
DA:37,2
DA:41,1
DA:42,0
DA:44,0
DA:45,0
DA:48,0
DA:52,1
DA:53,1
DA:55,1
DA:56,0
DA:59,1
DA:60,1
DA:62,1
DA:66,1
DA:67,1
DA:69,1
DA:70,0
DA:73,1
DA:74,1
DA:77,1
LF:37
LH:30
BRDA:16,0,0,0
BRDA:16,0,1,4
BRDA:16,1,0,4
BRDA:16,1,1,4
BRDA:25,2,0,4
BRDA:25,2,1,4
BRDA:26,3,0,4
BRDA:26,3,1,4
BRDA:27,4,0,0
BRDA:27,4,1,4
BRDA:44,5,0,0
BRDA:44,5,1,0
BRDA:55,6,0,0
BRDA:55,6,1,1
BRDA:69,7,0,0
BRDA:69,7,1,1
BRF:16
BRH:10
end_of_record
